2025-11-22 18:57:22.475 [background-preinit] INFO  o.h.validator.internal.util.Version - HV000001: Hibernate Validator 8.0.3.Final
2025-11-22 18:57:22.598 [main] INFO  b.GiveChain.GiveChainApplication - Starting GiveChainApplication using Java 17.0.12 with PID 74558 (/Users/dongkyun/Project/GiveChain/backend/build/classes/java/main started by dongkyun in /Users/dongkyun/Project/GiveChain/backend)
2025-11-22 18:57:22.599 [main] INFO  b.GiveChain.GiveChainApplication - No active profile set, falling back to 1 default profile: "default"
2025-11-22 18:57:23.920 [main] INFO  o.s.d.r.c.RepositoryConfigurationDelegate - Bootstrapping Spring Data JPA repositories in DEFAULT mode.
2025-11-22 18:57:24.051 [main] INFO  o.s.d.r.c.RepositoryConfigurationDelegate - Finished Spring Data repository scanning in 113 ms. Found 4 JPA repository interfaces.
2025-11-22 18:57:25.275 [main] INFO  o.s.b.w.e.tomcat.TomcatWebServer - Tomcat initialized with port 8080 (http)
2025-11-22 18:57:25.310 [main] INFO  o.a.coyote.http11.Http11NioProtocol - Initializing ProtocolHandler ["http-nio-8080"]
2025-11-22 18:57:25.314 [main] INFO  o.a.catalina.core.StandardService - Starting service [Tomcat]
2025-11-22 18:57:25.314 [main] INFO  o.a.catalina.core.StandardEngine - Starting Servlet engine: [Apache Tomcat/10.1.48]
2025-11-22 18:57:25.390 [main] INFO  o.a.c.c.C.[Tomcat].[localhost].[/] - Initializing Spring embedded WebApplicationContext
2025-11-22 18:57:25.391 [main] INFO  o.s.b.w.s.c.ServletWebServerApplicationContext - Root WebApplicationContext: initialization completed in 2725 ms
2025-11-22 18:57:25.661 [main] INFO  o.h.jpa.internal.util.LogHelper - HHH000204: Processing PersistenceUnitInfo [name: default]
2025-11-22 18:57:25.803 [main] INFO  org.hibernate.Version - HHH000412: Hibernate ORM core version 6.6.33.Final
2025-11-22 18:57:25.885 [main] INFO  o.h.c.i.RegionFactoryInitiator - HHH000026: Second-level cache disabled
2025-11-22 18:57:26.425 [main] INFO  o.s.o.j.p.SpringPersistenceUnitInfo - No LoadTimeWeaver setup: ignoring JPA class transformer
2025-11-22 18:57:26.475 [main] INFO  com.zaxxer.hikari.HikariDataSource - HikariPool-1 - Starting...
2025-11-22 18:57:26.830 [main] INFO  com.zaxxer.hikari.pool.HikariPool - HikariPool-1 - Added connection com.mysql.cj.jdbc.ConnectionImpl@2cd5b19c
2025-11-22 18:57:26.834 [main] INFO  com.zaxxer.hikari.HikariDataSource - HikariPool-1 - Start completed.
2025-11-22 18:57:26.939 [main] WARN  org.hibernate.orm.deprecation - HHH90000025: MySQL8Dialect does not need to be specified explicitly using 'hibernate.dialect' (remove the property setting and it will be selected by default)
2025-11-22 18:57:26.942 [main] WARN  org.hibernate.orm.deprecation - HHH90000026: MySQL8Dialect has been deprecated; use org.hibernate.dialect.MySQLDialect instead
2025-11-22 18:57:26.971 [main] INFO  o.hibernate.orm.connections.pooling - HHH10001005: Database info:
	Database JDBC URL [Connecting through datasource 'HikariDataSource (HikariPool-1)']
	Database driver: undefined/unknown
	Database version: 8.0
	Autocommit mode: undefined/unknown
	Isolation level: undefined/unknown
	Minimum pool size: undefined/unknown
	Maximum pool size: undefined/unknown
2025-11-22 18:57:28.440 [main] INFO  o.h.e.t.j.p.i.JtaPlatformInitiator - HHH000489: No JTA platform available (set 'hibernate.transaction.jta.platform' to enable JTA platform integration)
2025-11-22 18:57:28.605 [main] DEBUG org.hibernate.SQL - 
    alter table member 
       modify column role enum ('ADMIN','USER') not null
2025-11-22 18:57:28.687 [main] INFO  o.s.o.j.LocalContainerEntityManagerFactoryBean - Initialized JPA EntityManagerFactory for persistence unit 'default'
2025-11-22 18:57:29.393 [main] INFO  o.s.d.j.r.query.QueryEnhancerFactory - Hibernate is in classpath; If applicable, HQL parser will be used.
2025-11-22 18:57:31.677 [main] WARN  o.s.b.a.o.j.JpaBaseConfiguration$JpaWebConfiguration - spring.jpa.open-in-view is enabled by default. Therefore, database queries may be performed during view rendering. Explicitly configure spring.jpa.open-in-view to disable this warning
2025-11-22 18:57:32.148 [main] INFO  o.s.s.c.a.a.c.InitializeUserDetailsBeanManagerConfigurer$InitializeUserDetailsManagerConfigurer - Global AuthenticationManager configured with UserDetailsService bean with name memberDetailService
2025-11-22 18:57:33.025 [main] INFO  o.a.coyote.http11.Http11NioProtocol - Starting ProtocolHandler ["http-nio-8080"]
2025-11-22 18:57:33.088 [main] INFO  o.s.b.w.e.tomcat.TomcatWebServer - Tomcat started on port 8080 (http) with context path '/'
2025-11-22 18:57:33.102 [main] INFO  b.GiveChain.GiveChainApplication - Started GiveChainApplication in 11.666 seconds (process running for 12.978)
2025-11-22 18:58:55.400 [http-nio-8080-exec-1] INFO  o.a.c.c.C.[Tomcat].[localhost].[/] - Initializing Spring DispatcherServlet 'dispatcherServlet'
2025-11-22 18:58:55.400 [http-nio-8080-exec-1] INFO  o.s.web.servlet.DispatcherServlet - Initializing Servlet 'dispatcherServlet'
2025-11-22 18:58:55.403 [http-nio-8080-exec-1] INFO  o.s.web.servlet.DispatcherServlet - Completed initialization in 3 ms
2025-11-22 18:59:32.680 [SpringApplicationShutdownHook] INFO  o.s.b.w.e.tomcat.GracefulShutdown - Commencing graceful shutdown. Waiting for active requests to complete
2025-11-22 18:59:32.693 [tomcat-shutdown] INFO  o.s.b.w.e.tomcat.GracefulShutdown - Graceful shutdown complete
2025-11-22 18:59:32.700 [SpringApplicationShutdownHook] INFO  o.s.o.j.LocalContainerEntityManagerFactoryBean - Closing JPA EntityManagerFactory for persistence unit 'default'
2025-11-22 18:59:32.703 [SpringApplicationShutdownHook] INFO  com.zaxxer.hikari.HikariDataSource - HikariPool-1 - Shutdown initiated...
2025-11-22 18:59:32.713 [SpringApplicationShutdownHook] INFO  com.zaxxer.hikari.HikariDataSource - HikariPool-1 - Shutdown completed.
2025-11-22 18:59:41.220 [background-preinit] INFO  o.h.validator.internal.util.Version - HV000001: Hibernate Validator 8.0.3.Final
2025-11-22 18:59:41.421 [main] INFO  b.GiveChain.GiveChainApplication - Starting GiveChainApplication using Java 17.0.12 with PID 75253 (/Users/dongkyun/Project/GiveChain/backend/build/classes/java/main started by dongkyun in /Users/dongkyun/Project/GiveChain/backend)
2025-11-22 18:59:41.424 [main] INFO  b.GiveChain.GiveChainApplication - No active profile set, falling back to 1 default profile: "default"
2025-11-22 18:59:43.067 [main] INFO  o.s.d.r.c.RepositoryConfigurationDelegate - Bootstrapping Spring Data JPA repositories in DEFAULT mode.
2025-11-22 18:59:43.173 [main] INFO  o.s.d.r.c.RepositoryConfigurationDelegate - Finished Spring Data repository scanning in 85 ms. Found 4 JPA repository interfaces.
2025-11-22 18:59:44.476 [main] INFO  o.s.b.w.e.tomcat.TomcatWebServer - Tomcat initialized with port 8080 (http)
2025-11-22 18:59:44.491 [main] INFO  o.a.coyote.http11.Http11NioProtocol - Initializing ProtocolHandler ["http-nio-8080"]
2025-11-22 18:59:44.493 [main] INFO  o.a.catalina.core.StandardService - Starting service [Tomcat]
2025-11-22 18:59:44.493 [main] INFO  o.a.catalina.core.StandardEngine - Starting Servlet engine: [Apache Tomcat/10.1.48]
2025-11-22 18:59:44.565 [main] INFO  o.a.c.c.C.[Tomcat].[localhost].[/] - Initializing Spring embedded WebApplicationContext
2025-11-22 18:59:44.566 [main] INFO  o.s.b.w.s.c.ServletWebServerApplicationContext - Root WebApplicationContext: initialization completed in 3001 ms
2025-11-22 18:59:44.802 [main] INFO  o.h.jpa.internal.util.LogHelper - HHH000204: Processing PersistenceUnitInfo [name: default]
2025-11-22 18:59:44.848 [main] INFO  org.hibernate.Version - HHH000412: Hibernate ORM core version 6.6.33.Final
2025-11-22 18:59:44.875 [main] INFO  o.h.c.i.RegionFactoryInitiator - HHH000026: Second-level cache disabled
2025-11-22 18:59:45.124 [main] INFO  o.s.o.j.p.SpringPersistenceUnitInfo - No LoadTimeWeaver setup: ignoring JPA class transformer
2025-11-22 18:59:45.170 [main] INFO  com.zaxxer.hikari.HikariDataSource - HikariPool-1 - Starting...
2025-11-22 18:59:45.372 [main] INFO  com.zaxxer.hikari.pool.HikariPool - HikariPool-1 - Added connection com.mysql.cj.jdbc.ConnectionImpl@131777e8
2025-11-22 18:59:45.373 [main] INFO  com.zaxxer.hikari.HikariDataSource - HikariPool-1 - Start completed.
2025-11-22 18:59:45.431 [main] WARN  org.hibernate.orm.deprecation - HHH90000025: MySQL8Dialect does not need to be specified explicitly using 'hibernate.dialect' (remove the property setting and it will be selected by default)
2025-11-22 18:59:45.432 [main] WARN  org.hibernate.orm.deprecation - HHH90000026: MySQL8Dialect has been deprecated; use org.hibernate.dialect.MySQLDialect instead
2025-11-22 18:59:45.447 [main] INFO  o.hibernate.orm.connections.pooling - HHH10001005: Database info:
	Database JDBC URL [Connecting through datasource 'HikariDataSource (HikariPool-1)']
	Database driver: undefined/unknown
	Database version: 8.0
	Autocommit mode: undefined/unknown
	Isolation level: undefined/unknown
	Minimum pool size: undefined/unknown
	Maximum pool size: undefined/unknown
2025-11-22 18:59:46.755 [main] INFO  o.h.e.t.j.p.i.JtaPlatformInitiator - HHH000489: No JTA platform available (set 'hibernate.transaction.jta.platform' to enable JTA platform integration)
2025-11-22 18:59:46.823 [main] DEBUG org.hibernate.SQL - 
    alter table member 
       modify column role enum ('ADMIN','USER') not null
2025-11-22 18:59:46.850 [main] INFO  o.s.o.j.LocalContainerEntityManagerFactoryBean - Initialized JPA EntityManagerFactory for persistence unit 'default'
2025-11-22 18:59:47.322 [main] INFO  o.s.d.j.r.query.QueryEnhancerFactory - Hibernate is in classpath; If applicable, HQL parser will be used.
2025-11-22 18:59:48.806 [main] WARN  o.s.b.a.o.j.JpaBaseConfiguration$JpaWebConfiguration - spring.jpa.open-in-view is enabled by default. Therefore, database queries may be performed during view rendering. Explicitly configure spring.jpa.open-in-view to disable this warning
2025-11-22 18:59:49.279 [main] INFO  o.s.s.c.a.a.c.InitializeUserDetailsBeanManagerConfigurer$InitializeUserDetailsManagerConfigurer - Global AuthenticationManager configured with UserDetailsService bean with name memberDetailService
2025-11-22 18:59:49.620 [main] INFO  o.a.coyote.http11.Http11NioProtocol - Starting ProtocolHandler ["http-nio-8080"]
2025-11-22 18:59:49.645 [main] INFO  o.s.b.w.e.tomcat.TomcatWebServer - Tomcat started on port 8080 (http) with context path '/'
2025-11-22 18:59:49.657 [main] INFO  b.GiveChain.GiveChainApplication - Started GiveChainApplication in 10.913 seconds (process running for 11.961)
2025-11-22 19:00:44.377 [http-nio-8080-exec-1] INFO  o.a.c.c.C.[Tomcat].[localhost].[/] - Initializing Spring DispatcherServlet 'dispatcherServlet'
2025-11-22 19:00:44.379 [http-nio-8080-exec-1] INFO  o.s.web.servlet.DispatcherServlet - Initializing Servlet 'dispatcherServlet'
2025-11-22 19:00:44.384 [http-nio-8080-exec-1] INFO  o.s.web.servlet.DispatcherServlet - Completed initialization in 5 ms
2025-11-22 19:00:44.717 [http-nio-8080-exec-2] DEBUG org.hibernate.SQL - 
    select
        m1_0.id,
        m1_0.country,
        m1_0.created_at,
        m1_0.email,
        m1_0.name,
        m1_0.provider,
        m1_0.provider_member_id,
        m1_0.role,
        m1_0.updated_at,
        m1_0.wallet_address 
    from
        member m1_0 
    where
        m1_0.provider=? 
        and m1_0.provider_member_id=?
2025-11-22 19:00:44.753 [http-nio-8080-exec-2] DEBUG org.hibernate.SQL - 
    select
        m1_0.id,
        m1_0.country,
        m1_0.created_at,
        m1_0.email,
        m1_0.name,
        m1_0.provider,
        m1_0.provider_member_id,
        m1_0.role,
        m1_0.updated_at,
        m1_0.wallet_address 
    from
        member m1_0 
    where
        m1_0.email=?
2025-11-22 19:00:44.788 [http-nio-8080-exec-2] DEBUG org.hibernate.SQL - 
    select
        rt1_0.id,
        rt1_0.created_at,
        rt1_0.email,
        rt1_0.member_id,
        rt1_0.refresh_token 
    from
        refresh_token rt1_0 
    where
        rt1_0.member_id=?
2025-11-22 19:00:44.805 [http-nio-8080-exec-2] DEBUG org.hibernate.SQL - 
    insert 
    into
        refresh_token
        (created_at, email, member_id, refresh_token) 
    values
        (?, ?, ?, ?)
2025-11-22 19:00:44.833 [http-nio-8080-exec-2] INFO  b.G.global.config.LoggingConfig - user=null POST /api/auth/login 276ms
2025-11-22 19:02:03.961 [http-nio-8080-exec-6] DEBUG org.hibernate.SQL - 
    select
        m1_0.id,
        m1_0.country,
        m1_0.created_at,
        m1_0.email,
        m1_0.name,
        m1_0.provider,
        m1_0.provider_member_id,
        m1_0.role,
        m1_0.updated_at,
        m1_0.wallet_address 
    from
        member m1_0 
    where
        m1_0.provider=? 
        and m1_0.provider_member_id=?
2025-11-22 19:02:03.966 [http-nio-8080-exec-6] DEBUG org.hibernate.SQL - 
    select
        m1_0.id,
        m1_0.country,
        m1_0.created_at,
        m1_0.email,
        m1_0.name,
        m1_0.provider,
        m1_0.provider_member_id,
        m1_0.role,
        m1_0.updated_at,
        m1_0.wallet_address 
    from
        member m1_0 
    where
        m1_0.email=?
2025-11-22 19:02:03.986 [http-nio-8080-exec-6] DEBUG org.hibernate.SQL - 
    select
        rt1_0.id,
        rt1_0.created_at,
        rt1_0.email,
        rt1_0.member_id,
        rt1_0.refresh_token 
    from
        refresh_token rt1_0 
    where
        rt1_0.member_id=?
2025-11-22 19:02:04.002 [http-nio-8080-exec-6] DEBUG org.hibernate.SQL - 
    update
        refresh_token 
    set
        email=?,
        member_id=?,
        refresh_token=? 
    where
        id=?
2025-11-22 19:02:04.018 [http-nio-8080-exec-6] INFO  b.G.global.config.LoggingConfig - user=null POST /api/auth/login 66ms
2025-11-22 19:02:09.288 [http-nio-8080-exec-10] WARN  b.GiveChain.global.jwt.JwtFilter - [JWT 검증 실패] 유효하지 않은 토큰: null, URI: /api/auth/logout
2025-11-22 19:02:11.340 [http-nio-8080-exec-2] WARN  b.GiveChain.global.jwt.JwtFilter - [JWT 검증 실패] 유효하지 않은 토큰: null, URI: /api/rankings/country
2025-11-22 19:02:11.370 [http-nio-8080-exec-1] DEBUG org.hibernate.SQL - 
    select
        m1_0.country,
        sum(d1_0.amount),
        0 
    from
        donation d1_0 
    join
        member m1_0 
            on d1_0.member_id=m1_0.id 
    group by
        m1_0.country 
    order by
        sum(d1_0.amount) desc
2025-11-22 19:02:11.382 [http-nio-8080-exec-1] DEBUG org.hibernate.SQL - 
    select
        m1_0.id,
        m1_0.name,
        m1_0.country,
        sum(d1_0.amount),
        0 
    from
        donation d1_0 
    join
        member m1_0 
            on d1_0.member_id=m1_0.id 
    join
        campaign c1_0 
            on d1_0.campaign_id=c1_0.id 
    where
        c1_0.category=? 
    group by
        m1_0.id,
        m1_0.name,
        m1_0.country 
    order by
        sum(d1_0.amount) desc
2025-11-22 19:02:11.386 [http-nio-8080-exec-1] DEBUG org.hibernate.SQL - 
    select
        m1_0.id,
        m1_0.name,
        m1_0.country,
        sum(d1_0.amount),
        0 
    from
        donation d1_0 
    join
        member m1_0 
            on d1_0.member_id=m1_0.id 
    join
        campaign c1_0 
            on d1_0.campaign_id=c1_0.id 
    where
        c1_0.category=? 
    group by
        m1_0.id,
        m1_0.name,
        m1_0.country 
    order by
        sum(d1_0.amount) desc
2025-11-22 19:02:11.387 [http-nio-8080-exec-1] DEBUG org.hibernate.SQL - 
    select
        m1_0.id,
        m1_0.name,
        m1_0.country,
        sum(d1_0.amount),
        0 
    from
        donation d1_0 
    join
        member m1_0 
            on d1_0.member_id=m1_0.id 
    join
        campaign c1_0 
            on d1_0.campaign_id=c1_0.id 
    where
        c1_0.category=? 
    group by
        m1_0.id,
        m1_0.name,
        m1_0.country 
    order by
        sum(d1_0.amount) desc
2025-11-22 19:02:11.388 [http-nio-8080-exec-1] DEBUG org.hibernate.SQL - 
    select
        m1_0.id,
        m1_0.name,
        m1_0.country,
        sum(d1_0.amount),
        0 
    from
        donation d1_0 
    join
        member m1_0 
            on d1_0.member_id=m1_0.id 
    join
        campaign c1_0 
            on d1_0.campaign_id=c1_0.id 
    where
        c1_0.category=? 
    group by
        m1_0.id,
        m1_0.name,
        m1_0.country 
    order by
        sum(d1_0.amount) desc
2025-11-22 19:02:11.390 [http-nio-8080-exec-1] INFO  b.G.global.config.LoggingConfig - user=null GET /api/rankings 46ms
2025-11-22 19:02:21.410 [SpringApplicationShutdownHook] INFO  o.s.b.w.e.tomcat.GracefulShutdown - Commencing graceful shutdown. Waiting for active requests to complete
2025-11-22 19:02:21.427 [tomcat-shutdown] INFO  o.s.b.w.e.tomcat.GracefulShutdown - Graceful shutdown complete
2025-11-22 19:02:21.448 [SpringApplicationShutdownHook] INFO  o.s.o.j.LocalContainerEntityManagerFactoryBean - Closing JPA EntityManagerFactory for persistence unit 'default'
2025-11-22 19:02:21.459 [SpringApplicationShutdownHook] INFO  com.zaxxer.hikari.HikariDataSource - HikariPool-1 - Shutdown initiated...
2025-11-22 19:02:21.488 [SpringApplicationShutdownHook] INFO  com.zaxxer.hikari.HikariDataSource - HikariPool-1 - Shutdown completed.
